<?xml version="1.0" encoding="UTF-8"?>
<!-- Generated by org.testng.reporters.JUnitReportReporter -->
<testsuite hostname="DESKTOP-413ULGP" failures="0" tests="1" name="WebFunction.CreateOrderTest" time="11.733" errors="0" timestamp="2023-06-08T20:54:30 IST" skipped="0">
  <testcase classname="WebFunction.CreateOrderTest" name="CreateOrder" time="11.733"/>
  <system-out/>
</testsuite> <!-- WebFunction.CreateOrderTest -->
