<?xml version="1.0" encoding="UTF-8"?>
<!-- Generated by org.testng.reporters.JUnitReportReporter -->
<testsuite hostname="DESKTOP-413ULGP" failures="0" tests="1" name="com.admin.BaseTest" time="77.558" errors="0" timestamp="2023-06-07T14:32:26 IST" skipped="0">
  <testcase classname="com.admin.BaseTest" name="setup" time="77.558"/>
  <system-out/>
</testsuite> <!-- com.admin.BaseTest -->
