<?xml version="1.0" encoding="UTF-8"?>
<!-- Generated by org.testng.reporters.JUnitReportReporter -->
<testsuite hostname="DESKTOP-413ULGP" failures="0" tests="3" name="WebFunction.CreateLineItemsTest" time="32.916" errors="0" timestamp="2023-06-08T20:54:30 IST" skipped="0">
  <testcase classname="WebFunction.CreateLineItemsTest" name="CreateLineItem" time="12.551"/>
  <system-out/>
  <testcase classname="WebFunction.CreateLineItemsTest" name="ToVerifyValidation" time="2.210"/>
  <system-out/>
  <testcase classname="WebFunction.CreateLineItemsTest" name="ToVerifyLineItemFilter" time="18.155"/>
  <system-out/>
</testsuite> <!-- WebFunction.CreateLineItemsTest -->
