<?xml version="1.0" encoding="UTF-8"?>
<!-- Generated by org.testng.reporters.JUnitReportReporter -->
<testsuite hostname="DESKTOP-413ULGP" failures="0" tests="2" name="WebFunction.CreateProductTest" time="14.243" errors="0" timestamp="2023-06-08T20:54:30 IST" skipped="0">
  <testcase classname="WebFunction.CreateProductTest" name="LoginBeforeCreateProduct" time="7.790"/>
  <system-out/>
  <testcase classname="WebFunction.CreateProductTest" name="CreateProduct" time="6.453"/>
  <system-out/>
</testsuite> <!-- WebFunction.CreateProductTest -->
